<?xml version="1.0" encoding="UTF-8"?>
<!-- Generated by org.testng.reporters.JUnitReportReporter -->
<testsuite skipped="0" hostname="dhanushka-ThinkPad-T530" name="org.wso2.extension.siddhi.io.snmp.source.TestCaseOfSNMPSource" tests="8" failures="0" timestamp="18 Feb 2019 07:15:29 GMT" time="21.164" errors="0">
  <testcase name="snmpVersion1Source" time="3.034" classname="org.wso2.extension.siddhi.io.snmp.source.TestCaseOfSNMPSource"/>
  <testcase name="snmpVersion2Source" time="3.012" classname="org.wso2.extension.siddhi.io.snmp.source.TestCaseOfSNMPSource"/>
  <testcase name="snmpVersion3TestWithAllValues" time="3.015" classname="org.wso2.extension.siddhi.io.snmp.source.TestCaseOfSNMPSource"/>
  <testcase name="snmpValidationTest" time="0.022" classname="org.wso2.extension.siddhi.io.snmp.source.TestCaseOfSNMPSource"/>
  <testcase name="snmpVersion3User0001" time="3.023" classname="org.wso2.extension.siddhi.io.snmp.source.TestCaseOfSNMPSource"/>
  <testcase name="snmpVersion3TCP" time="3.015" classname="org.wso2.extension.siddhi.io.snmp.source.TestCaseOfSNMPSource"/>
  <testcase name="snmpVersion2TCP" time="3.015" classname="org.wso2.extension.siddhi.io.snmp.source.TestCaseOfSNMPSource"/>
  <testcase name="snmpVersionAgent5" time="3.028" classname="org.wso2.extension.siddhi.io.snmp.source.TestCaseOfSNMPSource"/>
</testsuite> <!-- org.wso2.extension.siddhi.io.snmp.source.TestCaseOfSNMPSource -->
