<?xml version="1.0" encoding="UTF-8"?>
<!-- Generated by org.testng.reporters.JUnitReportReporter -->
<testsuite skipped="0" hostname="dhanushka-ThinkPad-T530" name="org.wso2.extension.siddhi.io.snmp.sink.TestCaseOfSNMPSink" tests="2" failures="0" timestamp="13 Feb 2019 06:33:45 GMT" time="3.955" errors="0">
  <testcase name="snmpVersion3Sink" time="1.287" classname="org.wso2.extension.siddhi.io.snmp.sink.TestCaseOfSNMPSink"/>
  <testcase name="snmpVersion2Sink" time="2.668" classname="org.wso2.extension.siddhi.io.snmp.sink.TestCaseOfSNMPSink"/>
</testsuite> <!-- org.wso2.extension.siddhi.io.snmp.sink.TestCaseOfSNMPSink -->
