<?xml version="1.0" encoding="UTF-8"?>
<!-- Generated by org.testng.reporters.JUnitReportReporter -->
<testsuite skipped="1" hostname="dhanushka-ThinkPad-T530" name="org.wso2.extension.siddhi.io.snmp.sink.TestCaseOfSNMPSinkV3" tests="5" failures="0" timestamp="22 Feb 2019 09:22:13 GMT" time="2.404" errors="0">
  <testcase name="snmpVersion3TCPSink" time="1.073" classname="org.wso2.extension.siddhi.io.snmp.sink.TestCaseOfSNMPSinkV3"/>
  <testcase name="snmpVersion3SinkCreationException" time="0.020" classname="org.wso2.extension.siddhi.io.snmp.sink.TestCaseOfSNMPSinkV3"/>
  <testcase name="snmpVersion3BasicSink" time="1.302" classname="org.wso2.extension.siddhi.io.snmp.sink.TestCaseOfSNMPSinkV3"/>
  <testcase name="snmpVersion3SinkException" time="0.009" classname="org.wso2.extension.siddhi.io.snmp.sink.TestCaseOfSNMPSinkV3"/>
  <testcase name="snmpVersion3SinkValidationException" classname="org.wso2.extension.siddhi.io.snmp.sink.TestCaseOfSNMPSinkV3">
    <skipped/>
  </testcase> <!-- snmpVersion3SinkValidationException -->
</testsuite> <!-- org.wso2.extension.siddhi.io.snmp.sink.TestCaseOfSNMPSinkV3 -->
