<?xml version="1.0" encoding="UTF-8"?>
<!-- Generated by org.testng.reporters.JUnitReportReporter -->
<testsuite skipped="0" hostname="dhanushka-ThinkPad-T530" name="org.wso2.extension.siddhi.io.snmp.sink.TestCaseOfSNMPSinkV3" tests="2" failures="0" timestamp="20 Feb 2019 09:55:34 GMT" time="1.397" errors="0">
  <testcase name="snmpVersion3SinkException" time="0.014" classname="org.wso2.extension.siddhi.io.snmp.sink.TestCaseOfSNMPSinkV3"/>
  <testcase name="snmpVersion3Sink" time="1.383" classname="org.wso2.extension.siddhi.io.snmp.sink.TestCaseOfSNMPSinkV3"/>
</testsuite> <!-- org.wso2.extension.siddhi.io.snmp.sink.TestCaseOfSNMPSinkV3 -->
