<?xml version="1.0" encoding="UTF-8"?>
<!-- Generated by org.testng.reporters.JUnitReportReporter -->
<testsuite skipped="0" hostname="dhanushka-ThinkPad-T530" name="org.wso2.extension.siddhi.io.snmp.sink.TestCaseOfSNMPSinkV1V2" tests="3" failures="0" timestamp="22 Feb 2019 00:30:23 GMT" time="2.081" errors="0">
  <testcase name="snmpVersion2BasicSink" time="0.222" classname="org.wso2.extension.siddhi.io.snmp.sink.TestCaseOfSNMPSinkV1V2"/>
  <testcase name="snmpVersion1TCPSink" time="1.035" classname="org.wso2.extension.siddhi.io.snmp.sink.TestCaseOfSNMPSinkV1V2"/>
  <testcase name="snmpVersion1BasicSink" time="0.824" classname="org.wso2.extension.siddhi.io.snmp.sink.TestCaseOfSNMPSinkV1V2"/>
</testsuite> <!-- org.wso2.extension.siddhi.io.snmp.sink.TestCaseOfSNMPSinkV1V2 -->
