<?xml version="1.0" encoding="UTF-8"?>
<!-- Generated by org.testng.reporters.JUnitReportReporter -->
<testsuite skipped="0" hostname="dhanushka-ThinkPad-T530" name="org.wso2.extension.siddhi.io.snmp.source.TestCaseOfSNMPSourceV3" tests="6" failures="0" timestamp="20 Feb 2019 09:55:34 GMT" time="12.066" errors="0">
  <testcase name="snmpVersion3AuthNoPriv" time="3.009" classname="org.wso2.extension.siddhi.io.snmp.source.TestCaseOfSNMPSourceV3"/>
  <testcase name="snmpValidationTest" time="0.007" classname="org.wso2.extension.siddhi.io.snmp.source.TestCaseOfSNMPSourceV3"/>
  <testcase name="snmpVersionAuthPriv" time="3.012" classname="org.wso2.extension.siddhi.io.snmp.source.TestCaseOfSNMPSourceV3"/>
  <testcase name="snmpVersion3TCP" time="3.016" classname="org.wso2.extension.siddhi.io.snmp.source.TestCaseOfSNMPSourceV3"/>
  <testcase name="snmpRuntimeTest" time="0.006" classname="org.wso2.extension.siddhi.io.snmp.source.TestCaseOfSNMPSourceV3"/>
  <testcase name="snmpVersion3TestWithAllValues" time="3.016" classname="org.wso2.extension.siddhi.io.snmp.source.TestCaseOfSNMPSourceV3"/>
</testsuite> <!-- org.wso2.extension.siddhi.io.snmp.source.TestCaseOfSNMPSourceV3 -->
