<?xml version="1.0" encoding="UTF-8"?>
<!-- Generated by org.testng.reporters.JUnitReportReporter -->
<testsuite skipped="0" hostname="dhanushka-ThinkPad-T530" name="org.wso2.extension.siddhi.io.snmp.sink.TestCaseOfSNMPSink" tests="2" failures="0" timestamp="07 Feb 2019 06:06:52 GMT" time="8.910" errors="0">
  <testcase name="snmpVersion2Sink" time="4.917" classname="org.wso2.extension.siddhi.io.snmp.sink.TestCaseOfSNMPSink"/>
  <testcase name="snmpVersion3Sink" time="3.993" classname="org.wso2.extension.siddhi.io.snmp.sink.TestCaseOfSNMPSink"/>
</testsuite> <!-- org.wso2.extension.siddhi.io.snmp.sink.TestCaseOfSNMPSink -->
