<?xml version="1.0" encoding="UTF-8"?>
<!-- Generated by org.testng.reporters.JUnitReportReporter -->
<testsuite skipped="0" hostname="dhanushka-ThinkPad-T530" name="org.wso2.extension.siddhi.io.snmp.source.TestCaseOfSNMPSourceV1V2" tests="4" failures="0" timestamp="22 Feb 2019 00:30:23 GMT" time="12.056" errors="0">
  <testcase name="snmpVersion2TCPSource" time="3.008" classname="org.wso2.extension.siddhi.io.snmp.source.TestCaseOfSNMPSourceV1V2"/>
  <testcase name="snmpVersion1Source" time="3.025" classname="org.wso2.extension.siddhi.io.snmp.source.TestCaseOfSNMPSourceV1V2"/>
  <testcase name="snmpVersion1TCPSource" time="3.015" classname="org.wso2.extension.siddhi.io.snmp.source.TestCaseOfSNMPSourceV1V2"/>
  <testcase name="snmpVersion2Source" time="3.008" classname="org.wso2.extension.siddhi.io.snmp.source.TestCaseOfSNMPSourceV1V2"/>
</testsuite> <!-- org.wso2.extension.siddhi.io.snmp.source.TestCaseOfSNMPSourceV1V2 -->
