<?xml version="1.0" encoding="UTF-8"?>
<!-- Generated by org.testng.reporters.JUnitReportReporter -->
<testsuite skipped="0" hostname="dhanushka-ThinkPad-T530" name="org.wso2.extension.siddhi.io.snmp.source.TestCaseOfSNMPSourceV3" tests="6" failures="0" timestamp="22 Feb 2019 00:30:23 GMT" time="12.096" errors="0">
  <testcase name="snmpVersionSecLevel" time="3.027" classname="org.wso2.extension.siddhi.io.snmp.source.TestCaseOfSNMPSourceV3"/>
  <testcase name="snmpVersion3TestWithAllValues" time="3.019" classname="org.wso2.extension.siddhi.io.snmp.source.TestCaseOfSNMPSourceV3"/>
  <testcase name="snmpRuntimeTest" time="0.005" classname="org.wso2.extension.siddhi.io.snmp.source.TestCaseOfSNMPSourceV3"/>
  <testcase name="snmpValidationTest" time="0.005" classname="org.wso2.extension.siddhi.io.snmp.source.TestCaseOfSNMPSourceV3"/>
  <testcase name="snmpVersionAuthPriv" time="3.023" classname="org.wso2.extension.siddhi.io.snmp.source.TestCaseOfSNMPSourceV3"/>
  <testcase name="snmpVersion3TCP" time="3.017" classname="org.wso2.extension.siddhi.io.snmp.source.TestCaseOfSNMPSourceV3"/>
</testsuite> <!-- org.wso2.extension.siddhi.io.snmp.source.TestCaseOfSNMPSourceV3 -->
