<?xml version="1.0" encoding="UTF-8"?>
<!-- Generated by org.testng.reporters.JUnitReportReporter -->
<testsuite skipped="0" hostname="dhanushka-ThinkPad-T530" name="org.wso2.extension.siddhi.io.snmp.sink.TestCaseOfSNMPSink" tests="1" failures="0" timestamp="26 Jan 2019 15:22:56 GMT" time="4.042" errors="0">
  <testcase name="snmpBasicSource" time="4.042" classname="org.wso2.extension.siddhi.io.snmp.sink.TestCaseOfSNMPSink"/>
</testsuite> <!-- org.wso2.extension.siddhi.io.snmp.sink.TestCaseOfSNMPSink -->
