<?xml version="1.0" encoding="UTF-8"?>
<!-- Generated by org.testng.reporters.JUnitReportReporter -->
<testsuite skipped="0" hostname="dhanushka-ThinkPad-T530" name="org.wso2.extension.siddhi.io.snmp.source.TestCaseOfSNMPSource" tests="3" failures="0" timestamp="07 Feb 2019 06:06:52 GMT" time="16.591" errors="0">
  <testcase name="snmpVersion1Source" time="5.537" classname="org.wso2.extension.siddhi.io.snmp.source.TestCaseOfSNMPSource"/>
  <testcase name="snmpVersion2Source" time="5.524" classname="org.wso2.extension.siddhi.io.snmp.source.TestCaseOfSNMPSource"/>
  <testcase name="snmpVersion3TestWithAllValues" time="5.530" classname="org.wso2.extension.siddhi.io.snmp.source.TestCaseOfSNMPSource"/>
</testsuite> <!-- org.wso2.extension.siddhi.io.snmp.source.TestCaseOfSNMPSource -->
