<?xml version="1.0" encoding="UTF-8"?>
<!-- Generated by org.testng.reporters.JUnitReportReporter -->
<testsuite skipped="1" hostname="dhanushka-ThinkPad-T530" name="org.wso2.extension.siddhi.io.snmp.sink.TestCaseOfSNMPSinkV1V2" tests="4" failures="0" timestamp="26 Feb 2019 09:30:40 GMT" time="2.715" errors="0">
  <testcase name="snmpVersion2BasicSink" time="0.214" classname="org.wso2.extension.siddhi.io.snmp.sink.TestCaseOfSNMPSinkV1V2"/>
  <testcase name="snmpVersion1BasicSink" time="1.441" classname="org.wso2.extension.siddhi.io.snmp.sink.TestCaseOfSNMPSinkV1V2"/>
  <testcase name="snmpVersion1TCPSink" time="1.060" classname="org.wso2.extension.siddhi.io.snmp.sink.TestCaseOfSNMPSinkV1V2"/>
  <testcase name="snmpVersion2SinkSNMPSinkRuntimeException" classname="org.wso2.extension.siddhi.io.snmp.sink.TestCaseOfSNMPSinkV1V2">
    <skipped/>
  </testcase> <!-- snmpVersion2SinkSNMPSinkRuntimeException -->
</testsuite> <!-- org.wso2.extension.siddhi.io.snmp.sink.TestCaseOfSNMPSinkV1V2 -->
