<?xml version="1.0" encoding="UTF-8"?>
<!-- Generated by org.testng.reporters.JUnitReportReporter -->
<testsuite skipped="0" hostname="dhanushka-ThinkPad-T530" name="org.wso2.extension.siddhi.io.snmp.source.TestCaseOfSNMPSourceV3" tests="6" failures="0" timestamp="24 Feb 2019 03:43:40 GMT" time="12.077" errors="0">
  <testcase name="snmpVersionSecLevel" time="3.015" classname="org.wso2.extension.siddhi.io.snmp.source.TestCaseOfSNMPSourceV3"/>
  <testcase name="snmpVersionAuthPriv" time="3.012" classname="org.wso2.extension.siddhi.io.snmp.source.TestCaseOfSNMPSourceV3"/>
  <testcase name="snmpVersion3TCP" time="3.029" classname="org.wso2.extension.siddhi.io.snmp.source.TestCaseOfSNMPSourceV3"/>
  <testcase name="snmpRuntimeTest" time="0.005" classname="org.wso2.extension.siddhi.io.snmp.source.TestCaseOfSNMPSourceV3"/>
  <testcase name="snmpValidationTest" time="0.004" classname="org.wso2.extension.siddhi.io.snmp.source.TestCaseOfSNMPSourceV3"/>
  <testcase name="snmpVersion3TestWithAllValues" time="3.012" classname="org.wso2.extension.siddhi.io.snmp.source.TestCaseOfSNMPSourceV3"/>
</testsuite> <!-- org.wso2.extension.siddhi.io.snmp.source.TestCaseOfSNMPSourceV3 -->
