<?xml version="1.0" encoding="UTF-8"?>
<!-- Generated by org.testng.reporters.JUnitReportReporter -->
<testsuite skipped="0" hostname="dhanushka-ThinkPad-T530" name="org.wso2.extension.siddhi.io.snmp.sink.TestCaseOfSNMPSink" tests="2" failures="0" timestamp="06 Feb 2019 05:53:03 GMT" time="8.652" errors="0">
  <testcase name="snmpVersion3Sink" time="3.886" classname="org.wso2.extension.siddhi.io.snmp.sink.TestCaseOfSNMPSink"/>
  <testcase name="snmpVersion2Sink" time="4.766" classname="org.wso2.extension.siddhi.io.snmp.sink.TestCaseOfSNMPSink"/>
</testsuite> <!-- org.wso2.extension.siddhi.io.snmp.sink.TestCaseOfSNMPSink -->
