<?xml version="1.0" encoding="UTF-8"?>
<!-- Generated by org.testng.reporters.JUnitReportReporter -->
<testsuite skipped="0" hostname="dhanushka-ThinkPad-T530" name="org.wso2.extension.siddhi.io.snmp.sink.TestCaseOfSNMPSinkV1V2" tests="3" failures="0" timestamp="20 Feb 2019 09:55:34 GMT" time="1.228" errors="0">
  <testcase name="snmpVersion2Sink" time="0.213" classname="org.wso2.extension.siddhi.io.snmp.sink.TestCaseOfSNMPSinkV1V2"/>
  <testcase name="snmpVersion1Sink" time="0.805" classname="org.wso2.extension.siddhi.io.snmp.sink.TestCaseOfSNMPSinkV1V2"/>
  <testcase name="snmpVersion2SinkWith" time="0.210" classname="org.wso2.extension.siddhi.io.snmp.sink.TestCaseOfSNMPSinkV1V2"/>
</testsuite> <!-- org.wso2.extension.siddhi.io.snmp.sink.TestCaseOfSNMPSinkV1V2 -->
