<?xml version="1.0" encoding="UTF-8"?>
<!-- Generated by org.testng.reporters.JUnitReportReporter -->
<testsuite skipped="0" hostname="dhanushka-ThinkPad-T530" name="org.wso2.extension.siddhi.io.snmp.sink.TestCaseOfSNMPSinkV3" tests="4" failures="0" timestamp="22 Feb 2019 00:30:23 GMT" time="2.406" errors="0">
  <testcase name="snmpVersion3TCPSink" time="1.068" classname="org.wso2.extension.siddhi.io.snmp.sink.TestCaseOfSNMPSinkV3"/>
  <testcase name="snmpVersion3SinkException" time="0.011" classname="org.wso2.extension.siddhi.io.snmp.sink.TestCaseOfSNMPSinkV3"/>
  <testcase name="snmpVersion3BasicSink" time="1.316" classname="org.wso2.extension.siddhi.io.snmp.sink.TestCaseOfSNMPSinkV3"/>
  <testcase name="snmpVersion3SinkCreationException" time="0.011" classname="org.wso2.extension.siddhi.io.snmp.sink.TestCaseOfSNMPSinkV3"/>
</testsuite> <!-- org.wso2.extension.siddhi.io.snmp.sink.TestCaseOfSNMPSinkV3 -->
