<?xml version="1.0" encoding="UTF-8"?>
<!-- Generated by org.testng.reporters.JUnitReportReporter -->
<testsuite skipped="0" hostname="dhanushka-ThinkPad-T530" name="org.wso2.extension.siddhi.io.snmp.source.TestCaseOfSNMPSourceV1V2" tests="4" failures="0" timestamp="20 Feb 2019 09:55:34 GMT" time="12.075" errors="0">
  <testcase name="snmpVersion1Source" time="3.028" classname="org.wso2.extension.siddhi.io.snmp.source.TestCaseOfSNMPSourceV1V2"/>
  <testcase name="snmpVersion1TCPSource" time="3.018" classname="org.wso2.extension.siddhi.io.snmp.source.TestCaseOfSNMPSourceV1V2"/>
  <testcase name="snmpVersion2TCPSource" time="3.012" classname="org.wso2.extension.siddhi.io.snmp.source.TestCaseOfSNMPSourceV1V2"/>
  <testcase name="snmpVersion2Source" time="3.017" classname="org.wso2.extension.siddhi.io.snmp.source.TestCaseOfSNMPSourceV1V2"/>
</testsuite> <!-- org.wso2.extension.siddhi.io.snmp.source.TestCaseOfSNMPSourceV1V2 -->
